Rebuild target 'Target 1'
assembling STARTUP.A51...
compiling test.c...
test.c(24): error C141: syntax error near 'while'
test.c(26): error C231: 'i': redefinition
test.c(26): error C231: 'i': redefinition
test.c(41): error C141: syntax error near ';'
test.c(42): error C141: syntax error near '10'
test.c(42): error C231: 'interval': redefinition
test.c(43): error C141: syntax error near '{'
test.c(43): error C231: 'A1': redefinition
test.c(43): error C231: 'A1': redefinition
test.c(43): error C231: 'B1': redefinition
test.c(43): error C231: 'B1': redefinition
test.c(43): error C231: 'C1': redefinition
test.c(43): error C231: 'C1': redefinition
test.c(43): error C231: 'D1': redefinition
test.c(43): error C231: 'D1': redefinition
test.c(43): error C141: syntax error near '}'
test.c(44): error C141: syntax error near '10'
test.c(44): error C231: 'interval': redefinition
test.c(45): error C141: syntax error near '{'
test.c(45): error C279: 'A1': multiple initialization
test.c(45): error C231: 'A1': redefinition
test.c(45): error C231: 'A1': redefinition
test.c(45): error C279: 'B1': multiple initialization
test.c(45): error C231: 'B1': redefinition
test.c(45): error C231: 'B1': redefinition
test.c(45): error C279: 'C1': multiple initialization
test.c(45): error C231: 'C1': redefinition
test.c(45): error C231: 'C1': redefinition
test.c(45): error C279: 'D1': multiple initialization
test.c(45): error C231: 'D1': redefinition
test.c(45): error C231: 'D1': redefinition
test.c(45): error C141: syntax error near '}'
test.c(46): error C141: syntax error near '10'
test.c(46): error C231: 'interval': redefinition
test.c(47): error C141: syntax error near '{'
test.c(47): error C279: 'A1': multiple initialization
test.c(47): error C231: 'A1': redefinition
test.c(47): error C231: 'A1': redefinition
test.c(47): error C279: 'B1': multiple initialization
test.c(47): error C231: 'B1': redefinition
test.c(47): error C231: 'B1': redefinition
test.c(47): error C279: 'C1': multiple initialization
test.c(47): error C231: 'C1': redefinition
test.c(47): error C231: 'C1': redefinition
test.c(47): error C279: 'D1': multiple initialization
test.c(47): error C231: 'D1': redefinition
test.c(47): error C231: 'D1': redefinition
test.c(47): error C141: syntax error near '}'
test.c(48): error C141: syntax error near '10'
test.c(48): error C231: 'interval': redefinition
test.c(49): error C141: syntax error near '{'
test.c(49): error C279: 'A1': multiple initialization
test.c(49): error C231: 'A1': redefinition
test.c(49): error C231: 'A1': redefinition
test.c(49): error C279: 'B1': multiple initialization
test.c(49): error C231: 'B1': redefinition
test.c(49): error C231: 'B1': redefinition
test.c(49): error C279: 'C1': multiple initialization
test.c(49): error C231: 'C1': redefinition
test.c(49): error C231: 'C1': redefinition
test.c(49): error C279: 'D1': multiple initialization
test.c(49): error C231: 'D1': redefinition
test.c(49): error C231: 'D1': redefinition
test.c(49): error C141: syntax error near '}'
test.c(50): error C141: syntax error near '10'
test.c(50): error C231: 'interval': redefinition
test.c(51): error C141: syntax error near '{'
test.c(51): error C279: 'A1': multiple initialization
test.c(51): error C231: 'A1': redefinition
test.c(51): error C231: 'A1': redefinition
test.c(51): error C279: 'B1': multiple initialization
test.c(51): error C231: 'B1': redefinition
test.c(51): error C231: 'B1': redefinition
test.c(51): error C279: 'C1': multiple initialization
test.c(51): error C231: 'C1': redefinition
test.c(51): error C231: 'C1': redefinition
test.c(51): error C279: 'D1': multiple initialization
test.c(51): error C231: 'D1': redefinition
test.c(51): error C231: 'D1': redefinition
test.c(51): error C141: syntax error near '}'
test.c(52): error C141: syntax error near '10'
test.c(52): error C231: 'interval': redefinition
test.c(53): error C141: syntax error near '{'
test.c(53): error C279: 'A1': multiple initialization
test.c(53): error C231: 'A1': redefinition
test.c(53): error C231: 'A1': redefinition
test.c(53): error C279: 'B1': multiple initialization
test.c(53): error C231: 'B1': redefinition
test.c(53): error C231: 'B1': redefinition
test.c(53): error C279: 'C1': multiple initialization
test.c(53): error C231: 'C1': redefinition
test.c(53): error C231: 'C1': redefinition
test.c(53): error C279: 'D1': multiple initialization
test.c(53): error C231: 'D1': redefinition
test.c(53): error C231: 'D1': redefinition
test.c(53): error C141: syntax error near '}'
test.c(54): error C141: syntax error near '10'
test.c(54): error C231: 'interval': redefinition
test.c(55): error C141: syntax error near '{'
test.c(55): error C279: 'A1': multiple initialization
test.c(55): error C231: 'A1': redefinition
test.c(55): error C231: 'A1': redefinition
test.c(55): error C279: 'B1': multiple initialization
test.c(55): error C231: 'B1': redefinition
test.c(55): error C231: 'B1': redefinition
test.c(55): error C279: 'C1': multiple initialization
test.c(55): error C231: 'C1': redefinition
test.c(55): error C231: 'C1': redefinition
test.c(55): error C279: 'D1': multiple initialization
test.c(55): error C231: 'D1': redefinition
test.c(55): error C231: 'D1': redefinition
test.c(55): error C141: syntax error near '}'
test.c(56): error C141: syntax error near '10'
test.c(56): error C231: 'interval': redefinition
test.c(57): error C141: syntax error near '}'
test.c(65): error C279: 'A1': multiple initialization
test.c(65): error C231: 'A1': redefinition
test.c(65): error C231: 'A1': redefinition
test.c(65): error C279: 'B1': multiple initialization
test.c(65): error C231: 'B1': redefinition
test.c(65): error C231: 'B1': redefinition
test.c(65): error C279: 'C1': multiple initialization
test.c(65): error C231: 'C1': redefinition
test.c(65): error C231: 'C1': redefinition
test.c(65): error C279: 'D1': multiple initialization
test.c(65): error C231: 'D1': redefinition
test.c(65): error C231: 'D1': redefinition
test.c(65): error C141: syntax error near '}'
test.c(66): error C141: syntax error near '10'
test.c(66): error C231: 'interval': redefinition
test.c(67): error C141: syntax error near '{'
test.c(67): error C279: 'A1': multiple initialization
test.c(67): error C231: 'A1': redefinition
test.c(67): error C231: 'A1': redefinition
test.c(67): error C279: 'B1': multiple initialization
test.c(67): error C231: 'B1': redefinition
test.c(67): error C231: 'B1': redefinition
test.c(67): error C279: 'C1': multiple initialization
test.c(67): error C231: 'C1': redefinition
test.c(67): error C231: 'C1': redefinition
test.c(67): error C279: 'D1': multiple initialization
test.c(67): error C231: 'D1': redefinition
test.c(67): error C231: 'D1': redefinition
test.c(67): error C141: syntax error near '}'
test.c(68): error C141: syntax error near '10'
test.c(68): error C231: 'interval': redefinition
test.c(69): error C141: syntax error near '{'
test.c(69): error C279: 'A1': multiple initialization
test.c(69): error C231: 'A1': redefinition
test.c(69): error C231: 'A1': redefinition
test.c(69): error C279: 'B1': multiple initialization
test.c(69): error C231: 'B1': redefinition
test.c(69): error C231: 'B1': redefinition
test.c(69): error C279: 'C1': multiple initialization
test.c(69): error C231: 'C1': redefinition
test.c(69): error C231: 'C1': redefinition
test.c(69): error C279: 'D1': multiple initialization
test.c(69): error C231: 'D1': redefinition
test.c(69): error C231: 'D1': redefinition
test.c(69): error C141: syntax error near '}'
test.c(70): error C141: syntax error near '10'
test.c(70): error C231: 'interval': redefinition
test.c(71): error C141: syntax error near '{'
test.c(71): error C279: 'A1': multiple initialization
test.c(71): error C231: 'A1': redefinition
test.c(71): error C231: 'A1': redefinition
test.c(71): error C279: 'B1': multiple initialization
test.c(71): error C231: 'B1': redefinition
test.c(71): error C231: 'B1': redefinition
test.c(71): error C279: 'C1': multiple initialization
test.c(71): error C231: 'C1': redefinition
test.c(71): error C231: 'C1': redefinition
test.c(71): error C279: 'D1': multiple initialization
test.c(71): error C231: 'D1': redefinition
test.c(71): error C231: 'D1': redefinition
test.c(71): error C141: syntax error near '}'
test.c(72): error C141: syntax error near '10'
test.c(72): error C231: 'interval': redefinition
test.c(73): error C141: syntax error near '{'
test.c(73): error C279: 'A1': multiple initialization
test.c(73): error C231: 'A1': redefinition
test.c(73): error C231: 'A1': redefinition
test.c(73): error C279: 'B1': multiple initialization
test.c(73): error C231: 'B1': redefinition
test.c(73): error C231: 'B1': redefinition
test.c(73): error C279: 'C1': multiple initialization
test.c(73): error C231: 'C1': redefinition
test.c(73): error C231: 'C1': redefinition
test.c(73): error C279: 'D1': multiple initialization
test.c(73): error C231: 'D1': redefinition
test.c(73): error C231: 'D1': redefinition
test.c(73): error C141: syntax error near '}'
test.c(74): error C141: syntax error near '10'
test.c(74): error C231: 'interval': redefinition
test.c(75): error C141: syntax error near '{'
test.c(75): error C279: 'A1': multiple initialization
test.c(75): error C231: 'A1': redefinition
test.c(75): error C231: 'A1': redefinition
test.c(75): error C279: 'B1': multiple initialization
test.c(75): error C231: 'B1': redefinition
test.c(75): error C231: 'B1': redefinition
test.c(75): error C279: 'C1': multiple initialization
test.c(75): error C231: 'C1': redefinition
test.c(75): error C231: 'C1': redefinition
test.c(75): error C279: 'D1': multiple initialization
test.c(75): error C231: 'D1': redefinition
test.c(75): error C231: 'D1': redefinition
test.c(75): error C141: syntax error near '}'
test.c(76): error C141: syntax error near '10'
test.c(76): error C231: 'interval': redefinition
test.c(77): error C141: syntax error near '{'
test.c(77): error C279: 'A1': multiple initialization
test.c(77): error C231: 'A1': redefinition
test.c(77): error C231: 'A1': redefinition
test.c(77): error C279: 'B1': multiple initialization
test.c(77): error C231: 'B1': redefinition
test.c(77): error C231: 'B1': redefinition
test.c(77): error C279: 'C1': multiple initialization
test.c(77): error C231: 'C1': redefinition
test.c(77): error C231: 'C1': redefinition
test.c(77): error C279: 'D1': multiple initialization
test.c(77): error C231: 'D1': redefinition
test.c(77): error C231: 'D1': redefinition
test.c(77): error C141: syntax error near '}'
test.c(78): error C141: syntax error near '10'
test.c(78): error C231: 'interval': redefinition
test.c(79): error C141: syntax error near '{'
test.c(79): error C279: 'A1': multiple initialization
test.c(79): error C231: 'A1': redefinition
test.c(79): error C231: 'A1': redefinition
test.c(79): error C279: 'B1': multiple initialization
test.c(79): error C231: 'B1': redefinition
test.c(79): error C231: 'B1': redefinition
test.c(79): error C279: 'C1': multiple initialization
test.c(79): error C231: 'C1': redefinition
test.c(79): error C231: 'C1': redefinition
test.c(79): error C279: 'D1': multiple initialization
test.c(79): error C231: 'D1': redefinition
test.c(79): error C231: 'D1': redefinition
test.c(79): error C141: syntax error near '}'
test.c(80): error C141: syntax error near '10'
test.c(80): error C231: 'interval': redefinition
test.c(81): error C141: syntax error near '{'
test.c(81): error C279: 'A1': multiple initialization
test.c(81): error C231: 'A1': redefinition
test.c(81): error C231: 'A1': redefinition
test.c(81): error C279: 'B1': multiple initialization
test.c(81): error C231: 'B1': redefinition
test.c(81): error C231: 'B1': redefinition
test.c(81): error C279: 'C1': multiple initialization
test.c(81): error C231: 'C1': redefinition
test.c(81): error C231: 'C1': redefinition
test.c(81): error C279: 'D1': multiple initialization
test.c(81): error C231: 'D1': redefinition
test.c(81): error C231: 'D1': redefinition
test.c(81): error C141: syntax error near '}'
test.c(82): error C141: syntax error near '10'
test.c(82): error C231: 'interval': redefinition
test.c(83): error C141: syntax error near '}'
test.c(93): error C141: syntax error near 'else'
test.c(98): error C141: syntax error near ''
Target not created.
Build Time Elapsed:  00:00:01